This file contains any messages produced by compilers while
running configure, to aid debugging if configure makes a mistake.

It was created by extcalc configure 0.5.0, which was
generated by GNU Autoconf 2.60.  Invocation command line was

  $ ./configure 

## --------- ##
## Platform. ##
## --------- ##

hostname = duron
uname -m = i686
uname -r = 2.6.15-1-k7
uname -s = Linux
uname -v = #2 Mon Mar 6 15:42:39 UTC 2006

/usr/bin/uname -p = unknown
/bin/uname -X     = unknown

/bin/arch              = i686
/usr/bin/arch -k       = unknown
/usr/convex/getsysinfo = unknown
/usr/bin/hostinfo      = unknown
/bin/machine           = unknown
/usr/bin/oslevel       = unknown
/bin/universe          = unknown

PATH: /usr/local/bin
PATH: /usr/bin
PATH: /bin
PATH: /usr/bin/X11
PATH: /usr/games


## ----------- ##
## Core tests. ##
## ----------- ##

configure:1763: checking for a BSD-compatible install
configure:1819: result: /usr/bin/install -c
configure:1830: checking whether build environment is sane
configure:1873: result: yes
configure:1930: checking for gawk
configure:1946: found /usr/bin/gawk
configure:1957: result: gawk
configure:1968: checking whether make sets $(MAKE)
configure:1989: result: yes
configure:2234: checking for g++
configure:2250: found /usr/bin/g++
configure:2261: result: g++
configure:2292: checking for C++ compiler version
configure:2299: g++ --version >&5
g++ (GCC) 4.1.2 20060613 (prerelease) (Debian 4.1.1-5)
Copyright (C) 2006 Free Software Foundation, Inc.
This is free software; see the source for copying conditions.  There is NO
warranty; not even for MERCHANTABILITY or FITNESS FOR A PARTICULAR PURPOSE.

configure:2302: $? = 0
configure:2309: g++ -v >&5
Using built-in specs.
Target: i486-linux-gnu
Configured with: ../src/configure -v --enable-languages=c,c++,java,fortran,objc,obj-c++,ada,treelang --prefix=/usr --enable-shared --with-system-zlib --libexecdir=/usr/lib --without-included-gettext --enable-threads=posix --enable-nls --program-suffix=-4.1 --enable-__cxa_atexit --enable-clocale=gnu --enable-libstdcxx-debug --enable-java-awt=gtk --enable-gtk-cairo --with-java-home=/usr/lib/jvm/java-1.4.2-gcj-4.1-1.4.2.0/jre --enable-mpfr --with-tune=i686 --enable-checking=release i486-linux-gnu
Thread model: posix
gcc version 4.1.2 20060613 (prerelease) (Debian 4.1.1-5)
configure:2312: $? = 0
configure:2319: g++ -V >&5
g++: '-V' option must have argument
configure:2322: $? = 1
configure:2345: checking for C++ compiler default output file name
configure:2372: g++    conftest.cpp  >&5
configure:2375: $? = 0
configure:2421: result: a.out
configure:2426: checking whether the C++ compiler works
configure:2436: ./a.out
configure:2439: $? = 0
configure:2456: result: yes
configure:2463: checking whether we are cross compiling
configure:2465: result: no
configure:2468: checking for suffix of executables
configure:2475: g++ -o conftest    conftest.cpp  >&5
configure:2478: $? = 0
configure:2502: result: 
configure:2508: checking for suffix of object files
configure:2534: g++ -c   conftest.cpp >&5
configure:2537: $? = 0
configure:2560: result: o
configure:2564: checking whether we are using the GNU C++ compiler
configure:2593: g++ -c   conftest.cpp >&5
configure:2599: $? = 0
configure:2606: test -z "$ac_cxx_werror_flag" || test ! -s conftest.err
configure:2609: $? = 0
configure:2616: test -s conftest.o
configure:2619: $? = 0
configure:2633: result: yes
configure:2638: checking whether g++ accepts -g
configure:2668: g++ -c -g  conftest.cpp >&5
configure:2674: $? = 0
configure:2681: test -z "$ac_cxx_werror_flag" || test ! -s conftest.err
configure:2684: $? = 0
configure:2691: test -s conftest.o
configure:2694: $? = 0
configure:2824: result: yes
configure:2858: checking for style of include used by make
configure:2886: result: GNU
configure:2914: checking dependency style of g++
configure:3004: result: gcc3
configure:3069: checking for gcc
configure:3085: found /usr/bin/gcc
configure:3096: result: gcc
configure:3334: checking for C compiler version
configure:3341: gcc --version >&5
gcc (GCC) 4.1.2 20060613 (prerelease) (Debian 4.1.1-5)
Copyright (C) 2006 Free Software Foundation, Inc.
This is free software; see the source for copying conditions.  There is NO
warranty; not even for MERCHANTABILITY or FITNESS FOR A PARTICULAR PURPOSE.

configure:3344: $? = 0
configure:3351: gcc -v >&5
Using built-in specs.
Target: i486-linux-gnu
Configured with: ../src/configure -v --enable-languages=c,c++,java,fortran,objc,obj-c++,ada,treelang --prefix=/usr --enable-shared --with-system-zlib --libexecdir=/usr/lib --without-included-gettext --enable-threads=posix --enable-nls --program-suffix=-4.1 --enable-__cxa_atexit --enable-clocale=gnu --enable-libstdcxx-debug --enable-java-awt=gtk --enable-gtk-cairo --with-java-home=/usr/lib/jvm/java-1.4.2-gcj-4.1-1.4.2.0/jre --enable-mpfr --with-tune=i686 --enable-checking=release i486-linux-gnu
Thread model: posix
gcc version 4.1.2 20060613 (prerelease) (Debian 4.1.1-5)
configure:3354: $? = 0
configure:3361: gcc -V >&5
gcc: '-V' option must have argument
configure:3364: $? = 1
configure:3367: checking whether we are using the GNU C compiler
configure:3396: gcc -c   conftest.c >&5
configure:3402: $? = 0
configure:3409: test -z "$ac_c_werror_flag" || test ! -s conftest.err
configure:3412: $? = 0
configure:3419: test -s conftest.o
configure:3422: $? = 0
configure:3436: result: yes
configure:3441: checking whether gcc accepts -g
configure:3471: gcc -c -g  conftest.c >&5
configure:3477: $? = 0
configure:3484: test -z "$ac_c_werror_flag" || test ! -s conftest.err
configure:3487: $? = 0
configure:3494: test -s conftest.o
configure:3497: $? = 0
configure:3627: result: yes
configure:3644: checking for gcc option to accept ISO C89
configure:3718: gcc  -c -g -O2  conftest.c >&5
configure:3724: $? = 0
configure:3731: test -z "$ac_c_werror_flag" || test ! -s conftest.err
configure:3734: $? = 0
configure:3741: test -s conftest.o
configure:3744: $? = 0
configure:3764: result: none needed
configure:3784: checking dependency style of gcc
configure:3874: result: gcc3
configure:3901: checking how to run the C preprocessor
configure:3941: gcc -E  conftest.c
configure:3947: $? = 0
configure:3985: gcc -E  conftest.c
conftest.c:10:28: error: ac_nonexistent.h: No such file or directory
configure:3991: $? = 1
configure: failed program was:
| /* confdefs.h.  */
| #define PACKAGE_NAME "extcalc"
| #define PACKAGE_TARNAME "extcalc"
| #define PACKAGE_VERSION "0.5.0"
| #define PACKAGE_STRING "extcalc 0.5.0"
| #define PACKAGE_BUGREPORT ""
| #define PACKAGE "extcalc"
| #define VERSION "0.5.0"
| /* end confdefs.h.  */
| #include <ac_nonexistent.h>
configure:4031: result: gcc -E
configure:4060: gcc -E  conftest.c
configure:4066: $? = 0
configure:4104: gcc -E  conftest.c
conftest.c:10:28: error: ac_nonexistent.h: No such file or directory
configure:4110: $? = 1
configure: failed program was:
| /* confdefs.h.  */
| #define PACKAGE_NAME "extcalc"
| #define PACKAGE_TARNAME "extcalc"
| #define PACKAGE_VERSION "0.5.0"
| #define PACKAGE_STRING "extcalc 0.5.0"
| #define PACKAGE_BUGREPORT ""
| #define PACKAGE "extcalc"
| #define VERSION "0.5.0"
| /* end confdefs.h.  */
| #include <ac_nonexistent.h>
configure:4155: checking for grep that handles long lines and -e
configure:4229: result: /bin/grep
configure:4234: checking for egrep
configure:4312: result: /bin/grep -E
configure:4317: checking for ANSI C header files
configure:4347: gcc -c -g -O2  conftest.c >&5
configure:4353: $? = 0
configure:4360: test -z "$ac_c_werror_flag" || test ! -s conftest.err
configure:4363: $? = 0
configure:4370: test -s conftest.o
configure:4373: $? = 0
configure:4469: gcc -o conftest -g -O2   conftest.c  >&5
configure:4472: $? = 0
configure:4478: ./conftest
configure:4481: $? = 0
configure:4498: result: yes
configure:4522: checking for sys/types.h
configure:4543: gcc -c -g -O2  conftest.c >&5
configure:4549: $? = 0
configure:4556: test -z "$ac_c_werror_flag" || test ! -s conftest.err
configure:4559: $? = 0
configure:4566: test -s conftest.o
configure:4569: $? = 0
configure:4582: result: yes
configure:4522: checking for sys/stat.h
configure:4543: gcc -c -g -O2  conftest.c >&5
configure:4549: $? = 0
configure:4556: test -z "$ac_c_werror_flag" || test ! -s conftest.err
configure:4559: $? = 0
configure:4566: test -s conftest.o
configure:4569: $? = 0
configure:4582: result: yes
configure:4522: checking for stdlib.h
configure:4543: gcc -c -g -O2  conftest.c >&5
configure:4549: $? = 0
configure:4556: test -z "$ac_c_werror_flag" || test ! -s conftest.err
configure:4559: $? = 0
configure:4566: test -s conftest.o
configure:4569: $? = 0
configure:4582: result: yes
configure:4522: checking for string.h
configure:4543: gcc -c -g -O2  conftest.c >&5
configure:4549: $? = 0
configure:4556: test -z "$ac_c_werror_flag" || test ! -s conftest.err
configure:4559: $? = 0
configure:4566: test -s conftest.o
configure:4569: $? = 0
configure:4582: result: yes
configure:4522: checking for memory.h
configure:4543: gcc -c -g -O2  conftest.c >&5
configure:4549: $? = 0
configure:4556: test -z "$ac_c_werror_flag" || test ! -s conftest.err
configure:4559: $? = 0
configure:4566: test -s conftest.o
configure:4569: $? = 0
configure:4582: result: yes
configure:4522: checking for strings.h
configure:4543: gcc -c -g -O2  conftest.c >&5
configure:4549: $? = 0
configure:4556: test -z "$ac_c_werror_flag" || test ! -s conftest.err
configure:4559: $? = 0
configure:4566: test -s conftest.o
configure:4569: $? = 0
configure:4582: result: yes
configure:4522: checking for inttypes.h
configure:4543: gcc -c -g -O2  conftest.c >&5
configure:4549: $? = 0
configure:4556: test -z "$ac_c_werror_flag" || test ! -s conftest.err
configure:4559: $? = 0
configure:4566: test -s conftest.o
configure:4569: $? = 0
configure:4582: result: yes
configure:4522: checking for stdint.h
configure:4543: gcc -c -g -O2  conftest.c >&5
configure:4549: $? = 0
configure:4556: test -z "$ac_c_werror_flag" || test ! -s conftest.err
configure:4559: $? = 0
configure:4566: test -s conftest.o
configure:4569: $? = 0
configure:4582: result: yes
configure:4522: checking for unistd.h
configure:4543: gcc -c -g -O2  conftest.c >&5
configure:4549: $? = 0
configure:4556: test -z "$ac_c_werror_flag" || test ! -s conftest.err
configure:4559: $? = 0
configure:4566: test -s conftest.o
configure:4569: $? = 0
configure:4582: result: yes
configure:4601: checking for stdlib.h
configure:4607: result: yes
configure:4611: checking sys/time.h usability
configure:4628: gcc -c -g -O2  conftest.c >&5
configure:4634: $? = 0
configure:4641: test -z "$ac_c_werror_flag" || test ! -s conftest.err
configure:4644: $? = 0
configure:4651: test -s conftest.o
configure:4654: $? = 0
configure:4665: result: yes
configure:4669: checking sys/time.h presence
configure:4684: gcc -E  conftest.c
configure:4690: $? = 0
configure:4711: result: yes
configure:4739: checking for sys/time.h
configure:4747: result: yes
configure:4601: checking for unistd.h
configure:4607: result: yes
configure:4762: checking whether QTDIR environment variable is set
configure:4765: result: no
configure:4767: checking the location of QT
configure:4781: result: /usr/share/qt3
configure:4814: checking for main in -lqt-mt
configure:4843: gcc -o conftest -g -O2 -I/usr/share/qt3/include -I/usr/local/include -D_REENTRANT -DQT_NO_DEBUG -DQT_THREAD_SUPPORT -DQT_SHARED -DQT_TABLET_SUPPORT  -I/usr/share/qt3/include -I/usr/local/include -D_REENTRANT -DQT_NO_DEBUG -DQT_THREAD_SUPPORT -DQT_SHARED -DQT_TABLET_SUPPORT  -L/usr/local/lib/ -L/usr/lib/ -L/usr/X11R6/lib/ -L/usr/share/qt3 -L/usr/share/qt3/lib/ -L/usr/lib64/ -lqt-mt -lXext -lXft -lX11 -lm -lpthread conftest.c -lqt-mt  -L/usr/share/qt3/lib >&5
configure:4849: $? = 0
configure:4856: test -z "$ac_c_werror_flag" || test ! -s conftest.err
configure:4859: $? = 0
configure:4866: test -s conftest
configure:4869: $? = 0
configure:4883: result: yes
configure:4900: checking for Qt library version >= 3.1.1
configure:4931: gcc -o conftest -g -O2 -I/usr/share/qt3/include -I/usr/local/include -D_REENTRANT -DQT_NO_DEBUG -DQT_THREAD_SUPPORT -DQT_SHARED -DQT_TABLET_SUPPORT  -I/usr/share/qt3/include -I/usr/local/include -D_REENTRANT -DQT_NO_DEBUG -DQT_THREAD_SUPPORT -DQT_SHARED -DQT_TABLET_SUPPORT  -L/usr/local/lib/ -L/usr/lib/ -L/usr/X11R6/lib/ -L/usr/share/qt3 -L/usr/share/qt3/lib/ -L/usr/lib64/ -lqt-mt -lXext -lXft -lX11 -lm -lpthread conftest.c -L/usr/share/qt3/lib >&5
configure:4937: $? = 0
configure:4944: test -z "$ac_c_werror_flag" || test ! -s conftest.err
configure:4947: $? = 0
configure:4954: test -s conftest
configure:4957: $? = 0
configure:4974: result: yes
configure:4980: checking for glBegin in -lGL
configure:5015: gcc -o conftest -g -O2 -I/usr/share/qt3/include -I/usr/local/include -D_REENTRANT -DQT_NO_DEBUG -DQT_THREAD_SUPPORT -DQT_SHARED -DQT_TABLET_SUPPORT  -I/usr/share/qt3/include -I/usr/local/include -D_REENTRANT -DQT_NO_DEBUG -DQT_THREAD_SUPPORT -DQT_SHARED -DQT_TABLET_SUPPORT  -L/usr/local/lib/ -L/usr/lib/ -L/usr/X11R6/lib/ -L/usr/share/qt3 -L/usr/share/qt3/lib/ -L/usr/lib64/ -lqt-mt -lXext -lXft -lX11 -lm -lpthread conftest.c -lGL  -L/usr/share/qt3/lib >&5
configure:5021: $? = 0
configure:5028: test -z "$ac_c_werror_flag" || test ! -s conftest.err
configure:5031: $? = 0
configure:5038: test -s conftest
configure:5041: $? = 0
configure:5055: result: yes
configure:5073: checking for stdbool.h that conforms to C99
configure:5166: gcc -c -g -O2 -I/usr/share/qt3/include -I/usr/local/include -D_REENTRANT -DQT_NO_DEBUG -DQT_THREAD_SUPPORT -DQT_SHARED -DQT_TABLET_SUPPORT  -I/usr/share/qt3/include -I/usr/local/include -D_REENTRANT -DQT_NO_DEBUG -DQT_THREAD_SUPPORT -DQT_SHARED -DQT_TABLET_SUPPORT conftest.c >&5
configure:5172: $? = 0
configure:5179: test -z "$ac_c_werror_flag" || test ! -s conftest.err
configure:5182: $? = 0
configure:5189: test -s conftest.o
configure:5192: $? = 0
configure:5204: result: yes
configure:5206: checking for _Bool
configure:5236: gcc -c -g -O2 -I/usr/share/qt3/include -I/usr/local/include -D_REENTRANT -DQT_NO_DEBUG -DQT_THREAD_SUPPORT -DQT_SHARED -DQT_TABLET_SUPPORT  -I/usr/share/qt3/include -I/usr/local/include -D_REENTRANT -DQT_NO_DEBUG -DQT_THREAD_SUPPORT -DQT_SHARED -DQT_TABLET_SUPPORT conftest.c >&5
configure:5242: $? = 0
configure:5249: test -z "$ac_c_werror_flag" || test ! -s conftest.err
configure:5252: $? = 0
configure:5259: test -s conftest.o
configure:5262: $? = 0
configure:5274: result: yes
configure:5293: checking for an ANSI C-conforming const
configure:5368: gcc -c -g -O2 -I/usr/share/qt3/include -I/usr/local/include -D_REENTRANT -DQT_NO_DEBUG -DQT_THREAD_SUPPORT -DQT_SHARED -DQT_TABLET_SUPPORT  -I/usr/share/qt3/include -I/usr/local/include -D_REENTRANT -DQT_NO_DEBUG -DQT_THREAD_SUPPORT -DQT_SHARED -DQT_TABLET_SUPPORT conftest.c >&5
configure:5374: $? = 0
configure:5381: test -z "$ac_c_werror_flag" || test ! -s conftest.err
configure:5384: $? = 0
configure:5391: test -s conftest.o
configure:5394: $? = 0
configure:5406: result: yes
configure:5416: checking whether time.h and sys/time.h may both be included
configure:5446: gcc -c -g -O2 -I/usr/share/qt3/include -I/usr/local/include -D_REENTRANT -DQT_NO_DEBUG -DQT_THREAD_SUPPORT -DQT_SHARED -DQT_TABLET_SUPPORT  -I/usr/share/qt3/include -I/usr/local/include -D_REENTRANT -DQT_NO_DEBUG -DQT_THREAD_SUPPORT -DQT_SHARED -DQT_TABLET_SUPPORT conftest.c >&5
configure:5452: $? = 0
configure:5459: test -z "$ac_c_werror_flag" || test ! -s conftest.err
configure:5462: $? = 0
configure:5469: test -s conftest.o
configure:5472: $? = 0
configure:5484: result: yes
configure:5496: checking whether lstat dereferences a symlink specified with a trailing slash
configure:5532: gcc -o conftest -g -O2 -I/usr/share/qt3/include -I/usr/local/include -D_REENTRANT -DQT_NO_DEBUG -DQT_THREAD_SUPPORT -DQT_SHARED -DQT_TABLET_SUPPORT  -I/usr/share/qt3/include -I/usr/local/include -D_REENTRANT -DQT_NO_DEBUG -DQT_THREAD_SUPPORT -DQT_SHARED -DQT_TABLET_SUPPORT  -L/usr/local/lib/ -L/usr/lib/ -L/usr/X11R6/lib/ -L/usr/share/qt3 -L/usr/share/qt3/lib/ -L/usr/lib64/ -lqt-mt -lXext -lXft -lX11 -lm -lpthread -lGL -lGLU conftest.c -lGL -L/usr/share/qt3/lib >&5
configure:5535: $? = 0
configure:5541: ./conftest
configure:5544: $? = 0
configure:5567: result: yes
configure:5586: checking whether lstat accepts an empty string
configure:5616: gcc -o conftest -g -O2 -I/usr/share/qt3/include -I/usr/local/include -D_REENTRANT -DQT_NO_DEBUG -DQT_THREAD_SUPPORT -DQT_SHARED -DQT_TABLET_SUPPORT  -I/usr/share/qt3/include -I/usr/local/include -D_REENTRANT -DQT_NO_DEBUG -DQT_THREAD_SUPPORT -DQT_SHARED -DQT_TABLET_SUPPORT  -L/usr/local/lib/ -L/usr/lib/ -L/usr/X11R6/lib/ -L/usr/share/qt3 -L/usr/share/qt3/lib/ -L/usr/lib64/ -lqt-mt -lXext -lXft -lX11 -lm -lpthread -lGL -lGLU conftest.c -lGL -L/usr/share/qt3/lib >&5
configure:5619: $? = 0
configure:5625: ./conftest
configure:5628: $? = 0
configure:5644: result: no
configure:5660: checking whether lstat dereferences a symlink specified with a trailing slash
configure:5731: result: yes
configure:5756: checking for gettimeofday
configure:5812: gcc -o conftest -g -O2 -I/usr/share/qt3/include -I/usr/local/include -D_REENTRANT -DQT_NO_DEBUG -DQT_THREAD_SUPPORT -DQT_SHARED -DQT_TABLET_SUPPORT  -I/usr/share/qt3/include -I/usr/local/include -D_REENTRANT -DQT_NO_DEBUG -DQT_THREAD_SUPPORT -DQT_SHARED -DQT_TABLET_SUPPORT  -L/usr/local/lib/ -L/usr/lib/ -L/usr/X11R6/lib/ -L/usr/share/qt3 -L/usr/share/qt3/lib/ -L/usr/lib64/ -lqt-mt -lXext -lXft -lX11 -lm -lpthread -lGL -lGLU conftest.c -lGL -L/usr/share/qt3/lib >&5
configure:5818: $? = 0
configure:5825: test -z "$ac_c_werror_flag" || test ! -s conftest.err
configure:5828: $? = 0
configure:5835: test -s conftest
configure:5838: $? = 0
configure:5852: result: yes
configure:5756: checking for mkdir
configure:5812: gcc -o conftest -g -O2 -I/usr/share/qt3/include -I/usr/local/include -D_REENTRANT -DQT_NO_DEBUG -DQT_THREAD_SUPPORT -DQT_SHARED -DQT_TABLET_SUPPORT  -I/usr/share/qt3/include -I/usr/local/include -D_REENTRANT -DQT_NO_DEBUG -DQT_THREAD_SUPPORT -DQT_SHARED -DQT_TABLET_SUPPORT  -L/usr/local/lib/ -L/usr/lib/ -L/usr/X11R6/lib/ -L/usr/share/qt3 -L/usr/share/qt3/lib/ -L/usr/lib64/ -lqt-mt -lXext -lXft -lX11 -lm -lpthread -lGL -lGLU conftest.c -lGL -L/usr/share/qt3/lib >&5
configure:5818: $? = 0
configure:5825: test -z "$ac_c_werror_flag" || test ! -s conftest.err
configure:5828: $? = 0
configure:5835: test -s conftest
configure:5838: $? = 0
configure:5852: result: yes
configure:5756: checking for pow
configure:5812: gcc -o conftest -g -O2 -I/usr/share/qt3/include -I/usr/local/include -D_REENTRANT -DQT_NO_DEBUG -DQT_THREAD_SUPPORT -DQT_SHARED -DQT_TABLET_SUPPORT  -I/usr/share/qt3/include -I/usr/local/include -D_REENTRANT -DQT_NO_DEBUG -DQT_THREAD_SUPPORT -DQT_SHARED -DQT_TABLET_SUPPORT  -L/usr/local/lib/ -L/usr/lib/ -L/usr/X11R6/lib/ -L/usr/share/qt3 -L/usr/share/qt3/lib/ -L/usr/lib64/ -lqt-mt -lXext -lXft -lX11 -lm -lpthread -lGL -lGLU conftest.c -lGL -L/usr/share/qt3/lib >&5
conftest.c:54: warning: conflicting types for built-in function 'pow'
configure:5818: $? = 0
configure:5825: test -z "$ac_c_werror_flag" || test ! -s conftest.err
configure:5828: $? = 0
configure:5835: test -s conftest
configure:5838: $? = 0
configure:5852: result: yes
configure:5863: checking for sinl in -lm
configure:5898: gcc -o conftest -g -O2 -I/usr/share/qt3/include -I/usr/local/include -D_REENTRANT -DQT_NO_DEBUG -DQT_THREAD_SUPPORT -DQT_SHARED -DQT_TABLET_SUPPORT  -I/usr/share/qt3/include -I/usr/local/include -D_REENTRANT -DQT_NO_DEBUG -DQT_THREAD_SUPPORT -DQT_SHARED -DQT_TABLET_SUPPORT  -L/usr/local/lib/ -L/usr/lib/ -L/usr/X11R6/lib/ -L/usr/share/qt3 -L/usr/share/qt3/lib/ -L/usr/lib64/ -lqt-mt -lXext -lXft -lX11 -lm -lpthread -lGL -lGLU conftest.c -lm  -lGL -L/usr/share/qt3/lib >&5
conftest.c:39: warning: conflicting types for built-in function 'sinl'
configure:5904: $? = 0
configure:5911: test -z "$ac_c_werror_flag" || test ! -s conftest.err
configure:5914: $? = 0
configure:5921: test -s conftest
configure:5924: $? = 0
configure:5938: result: yes
configure:5957: checking for chosen language
configure:5969: result: english
configure:6097: creating ./config.status

## ---------------------- ##
## Running config.status. ##
## ---------------------- ##

This file was extended by extcalc config.status 0.5.0, which was
generated by GNU Autoconf 2.60.  Invocation command line was

  CONFIG_FILES    = 
  CONFIG_HEADERS  = 
  CONFIG_LINKS    = 
  CONFIG_COMMANDS = 
  $ ./config.status 

on duron

config.status:629: creating Makefile
config.status:629: creating src/Makefile
config.status:629: creating doc/Makefile
config.status:629: creating share/Makefile
config.status:629: creating config.h
config.status:907: executing depfiles commands

## ---------------- ##
## Cache variables. ##
## ---------------- ##

ac_cv_c_compiler_gnu=yes
ac_cv_c_const=yes
ac_cv_cxx_compiler_gnu=yes
ac_cv_env_CCC_set=
ac_cv_env_CCC_value=
ac_cv_env_CC_set=
ac_cv_env_CC_value=
ac_cv_env_CFLAGS_set=
ac_cv_env_CFLAGS_value=
ac_cv_env_CPPFLAGS_set=
ac_cv_env_CPPFLAGS_value=
ac_cv_env_CPP_set=
ac_cv_env_CPP_value=
ac_cv_env_CXXFLAGS_set=
ac_cv_env_CXXFLAGS_value=
ac_cv_env_CXX_set=
ac_cv_env_CXX_value=
ac_cv_env_LDFLAGS_set=
ac_cv_env_LDFLAGS_value=
ac_cv_env_build_alias_set=
ac_cv_env_build_alias_value=
ac_cv_env_host_alias_set=
ac_cv_env_host_alias_value=
ac_cv_env_target_alias_set=
ac_cv_env_target_alias_value=
ac_cv_func_gettimeofday=yes
ac_cv_func_lstat_dereferences_slashed_symlink=yes
ac_cv_func_lstat_empty_string_bug=no
ac_cv_func_mkdir=yes
ac_cv_func_pow=yes
ac_cv_header_inttypes_h=yes
ac_cv_header_memory_h=yes
ac_cv_header_stdbool_h=yes
ac_cv_header_stdc=yes
ac_cv_header_stdint_h=yes
ac_cv_header_stdlib_h=yes
ac_cv_header_string_h=yes
ac_cv_header_strings_h=yes
ac_cv_header_sys_stat_h=yes
ac_cv_header_sys_time_h=yes
ac_cv_header_sys_types_h=yes
ac_cv_header_time=yes
ac_cv_header_unistd_h=yes
ac_cv_lib_GL_glBegin=yes
ac_cv_lib_m_sinl=yes
ac_cv_lib_qt_mt_main=yes
ac_cv_objext=o
ac_cv_path_EGREP='/bin/grep -E'
ac_cv_path_GREP=/bin/grep
ac_cv_path_install='/usr/bin/install -c'
ac_cv_prog_AWK=gawk
ac_cv_prog_CPP='gcc -E'
ac_cv_prog_ac_ct_CC=gcc
ac_cv_prog_ac_ct_CXX=g++
ac_cv_prog_cc_c89=
ac_cv_prog_cc_g=yes
ac_cv_prog_cxx_g=yes
ac_cv_prog_make_make_set=yes
ac_cv_type__Bool=yes
am_cv_CC_dependencies_compiler_type=gcc3
am_cv_CXX_dependencies_compiler_type=gcc3

## ----------------- ##
## Output variables. ##
## ----------------- ##

ACLOCAL='${SHELL} /home/test/Desktop/test/extcalc/missing --run aclocal-1.8'
AMDEPBACKSLASH='\'
AMDEP_FALSE='#'
AMDEP_TRUE=''
AMTAR='${SHELL} /home/test/Desktop/test/extcalc/missing --run tar'
AUTOCONF='${SHELL} /home/test/Desktop/test/extcalc/missing --run autoconf'
AUTOHEADER='${SHELL} /home/test/Desktop/test/extcalc/missing --run autoheader'
AUTOMAKE='${SHELL} /home/test/Desktop/test/extcalc/missing --run automake-1.8'
AWK='gawk'
CC='gcc'
CCDEPMODE='depmode=gcc3'
CFLAGS='-g -O2 -I/usr/share/qt3/include -I/usr/local/include -D_REENTRANT -DQT_NO_DEBUG -DQT_THREAD_SUPPORT -DQT_SHARED -DQT_TABLET_SUPPORT -DINSTALLDIR="\"${datarootdir}/extcalc\"" -DLANGUAGE_EN'
CPP='gcc -E'
CPPFLAGS=' -I/usr/share/qt3/include -I/usr/local/include -D_REENTRANT -DQT_NO_DEBUG -DQT_THREAD_SUPPORT -DQT_SHARED -DQT_TABLET_SUPPORT -DINSTALLDIR="\"${datarootdir}/extcalc\"" -DLANGUAGE_EN'
CXX='g++'
CXXDEPMODE='depmode=gcc3'
CXXFLAGS='-g -O2'
CYGPATH_W='echo'
DEFS='-DHAVE_CONFIG_H'
DEPDIR='.deps'
ECHO_C=''
ECHO_N='-n'
ECHO_T=''
EGREP='/bin/grep -E'
EXEEXT=''
GREP='/bin/grep'
INSTALL_DATA='${INSTALL} -m 644'
INSTALL_PROGRAM='${INSTALL}'
INSTALL_SCRIPT='${INSTALL}'
INSTALL_STRIP_PROGRAM='${SHELL} $(install_sh) -c -s'
LDFLAGS=' -L/usr/local/lib/ -L/usr/lib/ -L/usr/X11R6/lib/ -L/usr/share/qt3 -L/usr/share/qt3/lib/ -L/usr/lib64/ -lqt-mt -lXext -lXft -lX11 -lm -lpthread -lGL -lGLU'
LIBOBJS=''
LIBS='-lm -lGL -L/usr/share/qt3/lib'
LTLIBOBJS=''
MAKEINFO='${SHELL} /home/test/Desktop/test/extcalc/missing --run makeinfo'
OBJEXT='o'
PACKAGE='extcalc'
PACKAGE_BUGREPORT=''
PACKAGE_NAME='extcalc'
PACKAGE_STRING='extcalc 0.5.0'
PACKAGE_TARNAME='extcalc'
PACKAGE_VERSION='0.5.0'
PATH_SEPARATOR=':'
SET_MAKE=''
SHELL='/bin/sh'
STRIP=''
VERSION='0.5.0'
ac_ct_CC='gcc'
ac_ct_CXX='g++'
ac_qtlib='qt3'
ac_thread=''
am__fastdepCC_FALSE='#'
am__fastdepCC_TRUE=''
am__fastdepCXX_FALSE='#'
am__fastdepCXX_TRUE=''
am__include='include'
am__leading_dot='.'
am__quote=''
bindir='${exec_prefix}/bin'
build_alias=''
datadir='${datarootdir}'
datarootdir='${prefix}/share'
docdir='${datarootdir}/doc/${PACKAGE_TARNAME}'
dvidir='${docdir}'
exec_prefix='${prefix}'
host_alias=''
htmldir='${docdir}'
includedir='${prefix}/include'
infodir='${datarootdir}/info'
install_sh='/home/test/Desktop/test/extcalc/install-sh'
libdir='${exec_prefix}/lib'
libexecdir='${exec_prefix}/libexec'
localedir='${datarootdir}/locale'
localstatedir='${prefix}/var'
mandir='${datarootdir}/man'
mkdir_p='mkdir -p -- .'
oldincludedir='/usr/include'
pdfdir='${docdir}'
prefix='/usr/local'
program_transform_name='s,x,x,'
psdir='${docdir}'
sbindir='${exec_prefix}/sbin'
sharedstatedir='${prefix}/com'
sysconfdir='${prefix}/etc'
target_alias=''

## ----------- ##
## confdefs.h. ##
## ----------- ##

#define PACKAGE_NAME "extcalc"
#define PACKAGE_TARNAME "extcalc"
#define PACKAGE_VERSION "0.5.0"
#define PACKAGE_STRING "extcalc 0.5.0"
#define PACKAGE_BUGREPORT ""
#define PACKAGE "extcalc"
#define VERSION "0.5.0"
#define STDC_HEADERS 1
#define HAVE_SYS_TYPES_H 1
#define HAVE_SYS_STAT_H 1
#define HAVE_STDLIB_H 1
#define HAVE_STRING_H 1
#define HAVE_MEMORY_H 1
#define HAVE_STRINGS_H 1
#define HAVE_INTTYPES_H 1
#define HAVE_STDINT_H 1
#define HAVE_UNISTD_H 1
#define HAVE_STDLIB_H 1
#define HAVE_SYS_TIME_H 1
#define HAVE_UNISTD_H 1
#define HAVE_LIBGL 1
#define HAVE__BOOL 1
#define HAVE_STDBOOL_H 1
#define TIME_WITH_SYS_TIME 1
#define LSTAT_FOLLOWS_SLASHED_SYMLINK 1
#define LSTAT_FOLLOWS_SLASHED_SYMLINK 1
#define HAVE_GETTIMEOFDAY 1
#define HAVE_MKDIR 1
#define HAVE_POW 1
#define HAVE_LIBM 1

configure: exit 0
